Application/build/outputs/logs/manifest-merger-debug-report.txt
-- Merging decision tree log ---
manifest
ADDED from src/main/AndroidManifest.xml:17:1-113:12
	package
		ADDED from src/main/AndroidManifest.xml:17:11-54
		INJECTED from src/main/AndroidManifest.xml
		INJECTED from src/main/AndroidManifest.xml
	android:versionName
		INJECTED from src/main/AndroidManifest.xml
		INJECTED from src/main/AndroidManifest.xml
	xmlns:android
		ADDED from src/main/AndroidManifest.xml:18:5-63
	android:versionCode
		INJECTED from src/main/AndroidManifest.xml
		INJECTED from src/main/AndroidManifest.xml
application
ADDED from src/main/AndroidManifest.xml:20:5-111:19
MERGED from [com.android.support:appcompat-v7:24.0.0-alpha1] AndroidManifest.xml:25:5-20
MERGED from [com.android.support:support-vector-drawable:24.0.0-alpha1] AndroidManifest.xml:23:5-20
MERGED from [com.android.support:support-v4:24.0.0-alpha1] AndroidManifest.xml:22:5-20
MERGED from [com.android.support:animated-vector-drawable:24.0.0-alpha1] AndroidManifest.xml:22:5-20
MERGED from [com.android.support:support-vector-drawable:24.0.0-alpha1] AndroidManifest.xml:23:5-20
MERGED from [com.android.support:support-v4:24.0.0-alpha1] AndroidManifest.xml:22:5-20
MERGED from [com.android.support:support-v4:24.0.0-alpha1] AndroidManifest.xml:22:5-20
MERGED from [com.android.support:design:22.2.0] AndroidManifest.xml:22:5-20
MERGED from [com.android.support:appcompat-v7:24.0.0-alpha1] AndroidManifest.xml:25:5-20
MERGED from [com.android.support:support-vector-drawable:24.0.0-alpha1] AndroidManifest.xml:23:5-20
MERGED from [com.android.support:support-v4:24.0.0-alpha1] AndroidManifest.xml:22:5-20
MERGED from [com.android.support:animated-vector-drawable:24.0.0-alpha1] AndroidManifest.xml:22:5-20
MERGED from [com.android.support:support-vector-drawable:24.0.0-alpha1] AndroidManifest.xml:23:5-20
MERGED from [com.android.support:support-v4:24.0.0-alpha1] AndroidManifest.xml:22:5-20
MERGED from [com.android.support:support-v4:24.0.0-alpha1] AndroidManifest.xml:22:5-20
MERGED from [com.android.support:support-v4:24.0.0-alpha1] AndroidManifest.xml:22:5-20
	android:label
		ADDED from src/main/AndroidManifest.xml:23:9-41
	android:supportsRtl
		ADDED from src/main/AndroidManifest.xml:24:9-35
	android:allowBackup
		ADDED from src/main/AndroidManifest.xml:21:9-35
	android:icon
		ADDED from src/main/AndroidManifest.xml:22:9-43
	android:theme
		ADDED from src/main/AndroidManifest.xml:25:9-54
activity#com.android.multiwindowplayground.MainActivity
ADDED from src/main/AndroidManifest.xml:29:9-37:20
	android:supportsPictureInPicture
		ADDED from src/main/AndroidManifest.xml:32:13-53
	android:taskAffinity
		ADDED from src/main/AndroidManifest.xml:31:13-36
	android:name
		ADDED from src/main/AndroidManifest.xml:30:13-74
intent-filter#android.intent.action.MAIN+android.intent.category.LAUNCHER
ADDED from src/main/AndroidManifest.xml:33:13-36:29
action#android.intent.action.MAIN
ADDED from src/main/AndroidManifest.xml:34:17-69
	android:name
		ADDED from src/main/AndroidManifest.xml:34:25-66
category#android.intent.category.LAUNCHER
ADDED from src/main/AndroidManifest.xml:35:17-77
	android:name
		ADDED from src/main/AndroidManifest.xml:35:27-74
activity#com.android.multiwindowplayground.activities.UnresizableActivity
ADDED from src/main/AndroidManifest.xml:40:9-44:39
	android:supportsPictureInPicture
		ADDED from src/main/AndroidManifest.xml:43:13-53
	android:resizeableActivity
		ADDED from src/main/AndroidManifest.xml:42:13-47
	android:taskAffinity
		ADDED from src/main/AndroidManifest.xml:44:13-36
	android:name
		ADDED from src/main/AndroidManifest.xml:41:13-92
activity#com.android.multiwindowplayground.activities.MinimumSizeActivity
ADDED from src/main/AndroidManifest.xml:49:9-60:20
	android:launchMode
		ADDED from src/main/AndroidManifest.xml:51:13-48
	android:supportsPictureInPicture
		ADDED from src/main/AndroidManifest.xml:52:13-53
	android:taskAffinity
		ADDED from src/main/AndroidManifest.xml:53:13-36
	android:name
		ADDED from src/main/AndroidManifest.xml:50:13-92
layout
ADDED from src/main/AndroidManifest.xml:54:13-59:49
	android:minimalWidth
		ADDED from src/main/AndroidManifest.xml:58:17-45
	android:gravity
		ADDED from src/main/AndroidManifest.xml:57:17-42
	android:minimalHeight
		ADDED from src/main/AndroidManifest.xml:59:17-46
	android:defaultHeight
		ADDED from src/main/AndroidManifest.xml:55:17-46
	android:defaultWidth
		ADDED from src/main/AndroidManifest.xml:56:17-45
activity#com.android.multiwindowplayground.activities.AdjacentActivity
ADDED from src/main/AndroidManifest.xml:64:9-67:39
	android:supportsPictureInPicture
		ADDED from src/main/AndroidManifest.xml:66:13-53
	android:taskAffinity
		ADDED from src/main/AndroidManifest.xml:67:13-36
	android:name
		ADDED from src/main/AndroidManifest.xml:65:13-89
activity#com.android.multiwindowplayground.activities.LaunchBoundsActivity
ADDED from src/main/AndroidManifest.xml:70:9-73:39
	android:supportsPictureInPicture
		ADDED from src/main/AndroidManifest.xml:72:13-53
	android:taskAffinity
		ADDED from src/main/AndroidManifest.xml:73:13-36
	android:name
		ADDED from src/main/AndroidManifest.xml:71:13-93
activity#com.android.multiwindowplayground.activities.CustomConfigurationChangeActivity
ADDED from src/main/AndroidManifest.xml:77:9-82:39
	android:launchMode
		ADDED from src/main/AndroidManifest.xml:80:13-48
	android:supportsPictureInPicture
		ADDED from src/main/AndroidManifest.xml:81:13-53
	android:configChanges
		ADDED from src/main/AndroidManifest.xml:79:13-91
	android:taskAffinity
		ADDED from src/main/AndroidManifest.xml:82:13-36
	android:name
		ADDED from src/main/AndroidManifest.xml:78:13-106
activity#com.android.multiwindowplayground.activities.BasicActivity
ADDED from src/main/AndroidManifest.xml:85:9-89:39
	android:launchMode
		ADDED from src/main/AndroidManifest.xml:87:13-48
	android:supportsPictureInPicture
		ADDED from src/main/AndroidManifest.xml:88:13-53
	android:taskAffinity
		ADDED from src/main/AndroidManifest.xml:89:13-36
	android:name
		ADDED from src/main/AndroidManifest.xml:86:13-86
activity#com.android.multiwindowplayground.activities.MainActivityDragInOneApp
ADDED from src/main/AndroidManifest.xml:90:9-96:20
	android:label
		ADDED from src/main/AndroidManifest.xml:92:13-53
	android:theme
		ADDED from src/main/AndroidManifest.xml:93:13-56
	android:taskAffinity
		ADDED from src/main/AndroidManifest.xml:94:13-36
	android:name
		ADDED from src/main/AndroidManifest.xml:91:13-97
activity#com.android.multiwindowplayground.activities.SecondActivityDragInOneApp
ADDED from src/main/AndroidManifest.xml:98:9-103:20
	android:label
		ADDED from src/main/AndroidManifest.xml:100:13-53
	android:theme
		ADDED from src/main/AndroidManifest.xml:101:13-56
	android:taskAffinity
		ADDED from src/main/AndroidManifest.xml:102:13-36
	android:name
		ADDED from src/main/AndroidManifest.xml:99:13-99
activity#com.android.multiwindowplayground.activities.MainActivityDragbetweenApps
ADDED from src/main/AndroidManifest.xml:105:9-110:20
	android:label
		ADDED from src/main/AndroidManifest.xml:107:13-66
	android:theme
		ADDED from src/main/AndroidManifest.xml:108:13-56
	android:taskAffinity
		ADDED from src/main/AndroidManifest.xml:109:13-36
	android:name
		ADDED from src/main/AndroidManifest.xml:106:13-100
uses-sdk
INJECTED from src/main/AndroidManifest.xml reason: use-sdk injection requested
MERGED from [com.android.support:appcompat-v7:24.0.0-alpha1] AndroidManifest.xml:21:5-23:78
MERGED from [com.android.support:support-vector-drawable:24.0.0-alpha1] AndroidManifest.xml:21:5-43
MERGED from [com.android.support:support-v4:24.0.0-alpha1] AndroidManifest.xml:20:5-43
MERGED from [com.android.support:animated-vector-drawable:24.0.0-alpha1] AndroidManifest.xml:20:5-44
MERGED from [com.android.support:support-vector-drawable:24.0.0-alpha1] AndroidManifest.xml:21:5-43
MERGED from [com.android.support:support-v4:24.0.0-alpha1] AndroidManifest.xml:20:5-43
MERGED from [com.android.support:support-v4:24.0.0-alpha1] AndroidManifest.xml:20:5-43
MERGED from [com.android.support:design:22.2.0] AndroidManifest.xml:20:5-43
MERGED from [com.android.support:appcompat-v7:24.0.0-alpha1] AndroidManifest.xml:21:5-23:78
MERGED from [com.android.support:support-vector-drawable:24.0.0-alpha1] AndroidManifest.xml:21:5-43
MERGED from [com.android.support:support-v4:24.0.0-alpha1] AndroidManifest.xml:20:5-43
MERGED from [com.android.support:animated-vector-drawable:24.0.0-alpha1] AndroidManifest.xml:20:5-44
MERGED from [com.android.support:support-vector-drawable:24.0.0-alpha1] AndroidManifest.xml:21:5-43
MERGED from [com.android.support:support-v4:24.0.0-alpha1] AndroidManifest.xml:20:5-43
MERGED from [com.android.support:support-v4:24.0.0-alpha1] AndroidManifest.xml:20:5-43
MERGED from [com.android.support:support-v4:24.0.0-alpha1] AndroidManifest.xml:20:5-43
	tools:overrideLibrary
		ADDED from [com.android.support:appcompat-v7:24.0.0-alpha1] AndroidManifest.xml:23:9-75
	android:targetSdkVersion
		INJECTED from src/main/AndroidManifest.xml
		INJECTED from src/main/AndroidManifest.xml
	android:minSdkVersion
		INJECTED from src/main/AndroidManifest.xml
		INJECTED from src/main/AndroidManifest.xml